<?xml version="1.0" encoding="UTF-8"?>
<testsuite name="ProvideAccessSpec" tests="1" skipped="0" failures="0" errors="0" timestamp="2021-02-09T16:28:58" hostname="DESKTOP-6EHOESE" time="7.501">
  <properties/>
  <testcase name="Provide Access with Interval Component" classname="ProvideAccessSpec" time="7.501"/>
  <system-out><![CDATA[]]></system-out>
  <system-err><![CDATA[Starting ChromeDriver 2.36.540470 (e522d04694c7ebea4ba8821272dbef4f9b818c91) on port 37256
Only local connections are allowed.
Feb. 09, 2021 5:29:02 PM org.openqa.selenium.remote.ProtocolHandshake createSession
INFO: Detected dialect: OSS
]]></system-err>
</testsuite>
